WRITE Match of str hust218
addr:0x5f9a9a27
match string len is 7.
0x5f9a9a27:h
0x5f9a9a28:u
0x5f9a9a29:s
0x5f9a9a2a:t
0x5f9a9a2b:2
0x5f9a9a2c:1
0x5f9a9a2d:8
Victory

httpd.exe:
proc name :httpd.exe   offset :10   tainted bytes :7
paddr: 0x20dd056b
READ Match of str hust218
addr:0x5f9a9a27
match string len is 7.
0x5f9a9a27:h
0x5f9a9a28:u
0x5f9a9a29:s
0x5f9a9a2a:t
0x5f9a9a2b:2
0x5f9a9a2c:1
0x5f9a9a2d:8
Victory

httpd.exe:
proc name :httpd.exe   offset :10   tainted bytes :7
paddr: 0x20dd056b
READ Match of str hust218
addr:0x5f9a9a27
match string len is 7.
0x5f9a9a27:h
0x5f9a9a28:u
0x5f9a9a29:s
0x5f9a9a2a:t
0x5f9a9a2b:2
0x5f9a9a2c:1
0x5f9a9a2d:8
Victory

httpd.exe:
proc name :httpd.exe   offset :10   tainted bytes :7
paddr: 0x20df3b73
READ Match of str hust218
addr:0x5f9a9a27
match string len is 7.
0x5f9a9a27:h
0x5f9a9a28:u
0x5f9a9a29:s
0x5f9a9a2a:t
0x5f9a9a2b:2
0x5f9a9a2c:1
0x5f9a9a2d:8
Victory

httpd.exe:
proc name :httpd.exe   offset :10   tainted bytes :7
paddr: 0x20df37d7
READ Match of str hust218
addr:0x5f9a9a27
match string len is 7.
0x5f9a9a27:h
0x5f9a9a28:u
0x5f9a9a29:s
0x5f9a9a2a:t
0x5f9a9a2b:2
0x5f9a9a2c:1
0x5f9a9a2d:8
Victory

httpd.exe:
proc name :httpd.exe   offset :10   tainted bytes :7
paddr: 0x3e52409f
READ Match of str hust218
addr:0x5f9a9a27
match string len is 7.
0x5f9a9a27:h
0x5f9a9a28:u
0x5f9a9a29:s
0x5f9a9a2a:t
0x5f9a9a2b:2
0x5f9a9a2c:1
0x5f9a9a2d:8
Victory

httpd.exe:
proc name :httpd.exe   offset :10   tainted bytes :7
paddr: 0x3e52409f
READ Match of str hust218
addr:0x5f9a9a27
match string len is 7.
0x5f9a9a27:h
0x5f9a9a28:u
0x5f9a9a29:s
0x5f9a9a2a:t
0x5f9a9a2b:2
0x5f9a9a2c:1
0x5f9a9a2d:8
Victory

httpd.exe:
proc name :httpd.exe   offset :10   tainted bytes :7
paddr: 0x3e52409f
READ Match of str hust218
addr:0x5f9a9a27
match string len is 7.
0x5f9a9a27:h
0x5f9a9a28:u
0x5f9a9a29:s
0x5f9a9a2a:t
0x5f9a9a2b:2
0x5f9a9a2c:1
0x5f9a9a2d:8
Victory

httpd.exe:
proc name :httpd.exe   offset :10   tainted bytes :7
paddr: 0x3e52409f
READ Match of str hust218
addr:0x5f9a9a27
match string len is 7.
0x5f9a9a27:h
0x5f9a9a28:u
0x5f9a9a29:s
0x5f9a9a2a:t
0x5f9a9a2b:2
0x5f9a9a2c:1
0x5f9a9a2d:8
Victory

httpd.exe:
proc name :httpd.exe   offset :10   tainted bytes :7
paddr: 0x3e52409f
READ Match of str hust218
addr:0x5f9a9a27
match string len is 7.
0x5f9a9a27:h
0x5f9a9a28:u
0x5f9a9a29:s
0x5f9a9a2a:t
0x5f9a9a2b:2
0x5f9a9a2c:1
0x5f9a9a2d:8
Victory

httpd.exe:
proc name :httpd.exe   offset :10   tainted bytes :7
paddr: 0x3e52409f
WRITE Match of str hust218
addr:0x5f9a9a27
match string len is 7.
0x5f9a9a27:h
0x5f9a9a28:u
0x5f9a9a29:s
0x5f9a9a2a:t
0x5f9a9a2b:2
0x5f9a9a2c:1
0x5f9a9a2d:8
Victory

httpd.exe:
proc name :httpd.exe   offset :10   tainted bytes :7
paddr: 0x3e52409f
READ Match of str hust218
addr:0x5f9a9a26
match string len is 7.
0x5f9a9a26:h
0x5f9a9a27:u
0x5f9a9a28:s
0x5f9a9a29:t
0x5f9a9a2a:2
0x5f9a9a2b:1
0x5f9a9a2c:8
Victory

httpd.exe:
proc name :httpd.exe   offset :9   tainted bytes :7
paddr: 0x3e52409f
READ Match of str hust218
addr:0x5f9a9a26
match string len is 7.
0x5f9a9a26:h
0x5f9a9a27:u
0x5f9a9a28:s
0x5f9a9a29:t
0x5f9a9a2a:2
0x5f9a9a2b:1
0x5f9a9a2c:8
Victory

httpd.exe:
proc name :httpd.exe   offset :9   tainted bytes :7
paddr: 0x3e52409f
WRITE Match of str hust218
addr:0x5f9a9a26
match string len is 7.
0x5f9a9a26:h
0x5f9a9a27:u
0x5f9a9a28:s
0x5f9a9a29:t
0x5f9a9a2a:2
0x5f9a9a2b:1
0x5f9a9a2c:8
Victory

httpd.exe:
proc name :httpd.exe   offset :9   tainted bytes :7
paddr: 0x3e52409f
WRITE Match of str hust218
addr:0x5f9a9a25
match string len is 7.
0x5f9a9a25:h
0x5f9a9a26:u
0x5f9a9a27:s
0x5f9a9a28:t
0x5f9a9a29:2
0x5f9a9a2a:1
0x5f9a9a2b:8
Victory

httpd.exe:
proc name :httpd.exe   offset :8   tainted bytes :7
paddr: 0x3e52409f
READ Match of str hust218
addr:0x5f9a9a24
match string len is 7.
0x5f9a9a24:h
0x5f9a9a25:u
0x5f9a9a26:s
0x5f9a9a27:t
0x5f9a9a28:2
0x5f9a9a29:1
0x5f9a9a2a:8
Victory

httpd.exe:
proc name :httpd.exe   offset :7   tainted bytes :7
paddr: 0x3e52409f
READ Match of str hust218
addr:0x5f9a9a24
match string len is 7.
0x5f9a9a24:h
0x5f9a9a25:u
0x5f9a9a26:s
0x5f9a9a27:t
0x5f9a9a28:2
0x5f9a9a29:1
0x5f9a9a2a:8
Victory

httpd.exe:
proc name :httpd.exe   offset :7   tainted bytes :7
paddr: 0x3e52409f
WRITE Match of str hust218
addr:0x5f9a9a24
match string len is 7.
0x5f9a9a24:h
0x5f9a9a25:u
0x5f9a9a26:s
0x5f9a9a27:t
0x5f9a9a28:2
0x5f9a9a29:1
0x5f9a9a2a:8
Victory

httpd.exe:
proc name :httpd.exe   offset :7   tainted bytes :7
paddr: 0x3e52409f
READ Match of str hust218
addr:0x5f9a9a24
match string len is 7.
0x5f9a9a24:h
0x5f9a9a25:u
0x5f9a9a26:s
0x5f9a9a27:t
0x5f9a9a28:2
0x5f9a9a29:1
0x5f9a9a2a:8
Victory

httpd.exe:
proc name :httpd.exe   offset :7   tainted bytes :7
paddr: 0x3e52409f
READ Match of str hust218
addr:0x5f9a9a24
match string len is 7.
0x5f9a9a24:h
0x5f9a9a25:u
0x5f9a9a26:s
0x5f9a9a27:t
0x5f9a9a28:2
0x5f9a9a29:1
0x5f9a9a2a:8
Victory

httpd.exe:
proc name :httpd.exe   offset :7   tainted bytes :7
paddr: 0x3e526540
READ Match of str hust218
addr:0x5f9a9a27
match string len is 7.
0x5f9a9a27:h
0x5f9a9a28:u
0x5f9a9a29:s
0x5f9a9a2a:t
0x5f9a9a2b:2
0x5f9a9a2c:1
0x5f9a9a2d:8
Victory

httpd.exe:
proc name :httpd.exe   offset :10   tainted bytes :7
paddr: 0x3e52409f
READ Match of str hust218
addr:0x5f9a9a26
match string len is 7.
0x5f9a9a26:h
0x5f9a9a27:u
0x5f9a9a28:s
0x5f9a9a29:t
0x5f9a9a2a:2
0x5f9a9a2b:1
0x5f9a9a2c:8
Victory

httpd.exe:
proc name :httpd.exe   offset :9   tainted bytes :7
paddr: 0x3e52409f
READ Match of str hust218
addr:0x5f9a9a25
match string len is 7.
0x5f9a9a25:h
0x5f9a9a26:u
0x5f9a9a27:s
0x5f9a9a28:t
0x5f9a9a29:2
0x5f9a9a2a:1
0x5f9a9a2b:8
Victory

httpd.exe:
proc name :httpd.exe   offset :8   tainted bytes :7
paddr: 0x3e52409f
READ Match of str hust218
addr:0x5f9a9a25
match string len is 7.
0x5f9a9a25:h
0x5f9a9a26:u
0x5f9a9a27:s
0x5f9a9a28:t
0x5f9a9a29:2
0x5f9a9a2a:1
0x5f9a9a2b:8
Victory

httpd.exe:
proc name :httpd.exe   offset :8   tainted bytes :7
paddr: 0x3e52409f
READ Match of str hust218
addr:0x5f9a9a24
match string len is 7.
0x5f9a9a24:h
0x5f9a9a25:u
0x5f9a9a26:s
0x5f9a9a27:t
0x5f9a9a28:2
0x5f9a9a29:1
0x5f9a9a2a:8
Victory

httpd.exe:
proc name :httpd.exe   offset :7   tainted bytes :7
paddr: 0x3e526540
READ Match of str hust218
addr:0x5f9a9a27
match string len is 7.
0x5f9a9a27:h
0x5f9a9a28:u
0x5f9a9a29:s
0x5f9a9a2a:t
0x5f9a9a2b:2
0x5f9a9a2c:1
0x5f9a9a2d:8
Victory

httpd.exe:
proc name :httpd.exe   offset :10   tainted bytes :7
paddr: 0x3e52409f
READ Match of str hust218
addr:0x5f9a9a26
match string len is 7.
0x5f9a9a26:h
0x5f9a9a27:u
0x5f9a9a28:s
0x5f9a9a29:t
0x5f9a9a2a:2
0x5f9a9a2b:1
0x5f9a9a2c:8
Victory

httpd.exe:
proc name :httpd.exe   offset :9   tainted bytes :7
paddr: 0x3e52409f
READ Match of str hust218
addr:0x5f9a9a25
match string len is 7.
0x5f9a9a25:h
0x5f9a9a26:u
0x5f9a9a27:s
0x5f9a9a28:t
0x5f9a9a29:2
0x5f9a9a2a:1
0x5f9a9a2b:8
Victory

httpd.exe:
proc name :httpd.exe   offset :8   tainted bytes :7
paddr: 0x3e52409f
READ Match of str hust218
addr:0x5f9a9a25
match string len is 7.
0x5f9a9a25:h
0x5f9a9a26:u
0x5f9a9a27:s
0x5f9a9a28:t
0x5f9a9a29:2
0x5f9a9a2a:1
0x5f9a9a2b:8
Victory

httpd.exe:
proc name :httpd.exe   offset :8   tainted bytes :7
paddr: 0x3e52409f
WRITE Match of str hust218
addr:0x5f9a9a24
match string len is 7.
0x5f9a9a24:h
0x5f9a9a25:u
0x5f9a9a26:s
0x5f9a9a27:t
0x5f9a9a28:2
0x5f9a9a29:1
0x5f9a9a2a:8
Victory

httpd.exe:
proc name :httpd.exe   offset :7   tainted bytes :7
paddr: 0x3e526540
READ Match of str hust218
addr:0x5f9a9a24
match string len is 7.
0x5f9a9a24:h
0x5f9a9a25:u
0x5f9a9a26:s
0x5f9a9a27:t
0x5f9a9a28:2
0x5f9a9a29:1
0x5f9a9a2a:8
Victory

httpd.exe:
proc name :httpd.exe   offset :7   tainted bytes :7
paddr: 0x3e526c80
READ Match of str hust218
addr:0x5f9a9a24
match string len is 7.
0x5f9a9a24:h
0x5f9a9a25:u
0x5f9a9a26:s
0x5f9a9a27:t
0x5f9a9a28:2
0x5f9a9a29:1
0x5f9a9a2a:8
Victory

httpd.exe:
proc name :httpd.exe   offset :7   tainted bytes :7
paddr: 0x3e526c80
READ Match of str hust218
addr:0x5f9a9a24
match string len is 7.
0x5f9a9a24:h
0x5f9a9a25:u
0x5f9a9a26:s
0x5f9a9a27:t
0x5f9a9a28:2
0x5f9a9a29:1
0x5f9a9a2a:8
Victory

httpd.exe:
proc name :httpd.exe   offset :7   tainted bytes :7
paddr: 0x3e7db470
READ Match of str hust218
addr:0x5f9a9a27
match string len is 7.
0x5f9a9a27:h
0x5f9a9a28:u
0x5f9a9a29:s
0x5f9a9a2a:t
0x5f9a9a2b:2
0x5f9a9a2c:1
0x5f9a9a2d:8
Victory

httpd.exe:
proc name :httpd.exe   offset :10   tainted bytes :7
paddr: 0x3e52504f
READ Match of str hust218
addr:0x5f9a9a27
match string len is 7.
0x5f9a9a27:h
0x5f9a9a28:u
0x5f9a9a29:s
0x5f9a9a2a:t
0x5f9a9a2b:2
0x5f9a9a2c:1
0x5f9a9a2d:8
Victory

httpd.exe:
proc name :httpd.exe   offset :10   tainted bytes :7
paddr: 0x3eb6686f
WRITE Match of str hust218
addr:0x5f9a9a27
match string len is 7.
0x5f9a9a27:h
0x5f9a9a28:u
0x5f9a9a29:s
0x5f9a9a2a:t
0x5f9a9a2b:2
0x5f9a9a2c:1
0x5f9a9a2d:8
Victory

httpd.exe:
proc name :httpd.exe   offset :10   tainted bytes :7
paddr: 0x3eb6686f
READ Match of str hust218
addr:0x5f9a9a25
match string len is 7.
0x5f9a9a25:h
0x5f9a9a26:u
0x5f9a9a27:s
0x5f9a9a28:t
0x5f9a9a29:2
0x5f9a9a2a:1
0x5f9a9a2b:8
Victory

httpd.exe:
proc name :httpd.exe   offset :8   tainted bytes :7
paddr: 0x3e91d867
READ Match of str hust218
addr:0x5f9a9a25
match string len is 7.
0x5f9a9a25:h
0x5f9a9a26:u
0x5f9a9a27:s
0x5f9a9a28:t
0x5f9a9a29:2
0x5f9a9a2a:1
0x5f9a9a2b:8
Victory

httpd.exe:
proc name :httpd.exe   offset :8   tainted bytes :7
paddr: 0x3ec4d051
READ Match of str hust218
addr:0x5f9a9a27
match string len is 7.
0x5f9a9a27:h
0x5f9a9a28:u
0x5f9a9a29:s
0x5f9a9a2a:t
0x5f9a9a2b:2
0x5f9a9a2c:1
0x5f9a9a2d:8
Victory

httpd.exe:
proc name :httpd.exe   offset :10   tainted bytes :7
paddr: 0x3e91d921
READ Match of str hust218
addr:0x5f9a9a27
match string len is 7.
0x5f9a9a27:h
0x5f9a9a28:u
0x5f9a9a29:s
0x5f9a9a2a:t
0x5f9a9a2b:2
0x5f9a9a2c:1
0x5f9a9a2d:8
Victory

httpd.exe:
proc name :httpd.exe   offset :10   tainted bytes :7
paddr: 0x3e91d921
WRITE Match of str hust218
addr:0x5f9a9a27
match string len is 7.
0x5f9a9a27:h
0x5f9a9a28:u
0x5f9a9a29:s
0x5f9a9a2a:t
0x5f9a9a2b:2
0x5f9a9a2c:1
0x5f9a9a2d:8
Victory

httpd.exe:
proc name :httpd.exe   offset :10   tainted bytes :7
paddr: 0x3e91d921
READ Match of str hust218
addr:0x5f9a9a26
match string len is 7.
0x5f9a9a26:h
0x5f9a9a27:u
0x5f9a9a28:s
0x5f9a9a29:t
0x5f9a9a2a:2
0x5f9a9a2b:1
0x5f9a9a2c:8
Victory

httpd.exe:
proc name :httpd.exe   offset :9   tainted bytes :7
paddr: 0x3e91d921
READ Match of str hust218
addr:0x5f9a9a26
match string len is 7.
0x5f9a9a26:h
0x5f9a9a27:u
0x5f9a9a28:s
0x5f9a9a29:t
0x5f9a9a2a:2
0x5f9a9a2b:1
0x5f9a9a2c:8
Victory

httpd.exe:
proc name :httpd.exe   offset :9   tainted bytes :7
paddr: 0x3e91d921
WRITE Match of str hust218
addr:0x5f9a9a26
match string len is 7.
0x5f9a9a26:h
0x5f9a9a27:u
0x5f9a9a28:s
0x5f9a9a29:t
0x5f9a9a2a:2
0x5f9a9a2b:1
0x5f9a9a2c:8
Victory

httpd.exe:
proc name :httpd.exe   offset :9   tainted bytes :7
paddr: 0x3e91d921
READ Match of str hust218
addr:0x5f9a9a25
match string len is 7.
0x5f9a9a25:h
0x5f9a9a26:u
0x5f9a9a27:s
0x5f9a9a28:t
0x5f9a9a29:2
0x5f9a9a2a:1
0x5f9a9a2b:8
Victory

httpd.exe:
proc name :httpd.exe   offset :8   tainted bytes :7
paddr: 0x3e91d921
READ Match of str hust218
addr:0x5f9a9a25
match string len is 7.
0x5f9a9a25:h
0x5f9a9a26:u
0x5f9a9a27:s
0x5f9a9a28:t
0x5f9a9a29:2
0x5f9a9a2a:1
0x5f9a9a2b:8
Victory

httpd.exe:
proc name :httpd.exe   offset :8   tainted bytes :7
paddr: 0x3e91d921
WRITE Match of str hust218
addr:0x5f9a9a25
match string len is 7.
0x5f9a9a25:h
0x5f9a9a26:u
0x5f9a9a27:s
0x5f9a9a28:t
0x5f9a9a29:2
0x5f9a9a2a:1
0x5f9a9a2b:8
Victory

httpd.exe:
proc name :httpd.exe   offset :8   tainted bytes :7
paddr: 0x3e91d921
READ Match of str hust218
addr:0x5f9a9a24
match string len is 7.
0x5f9a9a24:h
0x5f9a9a25:u
0x5f9a9a26:s
0x5f9a9a27:t
0x5f9a9a28:2
0x5f9a9a29:1
0x5f9a9a2a:8
Victory

httpd.exe:
proc name :httpd.exe   offset :7   tainted bytes :7
paddr: 0x3e91d921
READ Match of str hust218
addr:0x5f9a9a24
match string len is 7.
0x5f9a9a24:h
0x5f9a9a25:u
0x5f9a9a26:s
0x5f9a9a27:t
0x5f9a9a28:2
0x5f9a9a29:1
0x5f9a9a2a:8
Victory

httpd.exe:
proc name :httpd.exe   offset :7   tainted bytes :7
paddr: 0x3e91d921
WRITE Match of str hust218
addr:0x5f9a9a24
match string len is 7.
0x5f9a9a24:h
0x5f9a9a25:u
0x5f9a9a26:s
0x5f9a9a27:t
0x5f9a9a28:2
0x5f9a9a29:1
0x5f9a9a2a:8
Victory

httpd.exe:
proc name :httpd.exe   offset :7   tainted bytes :7
paddr: 0x3e91d921
READ Match of str hust218
addr:0x5f9a9a25
match string len is 7.
0x5f9a9a25:h
0x5f9a9a26:u
0x5f9a9a27:s
0x5f9a9a28:t
0x5f9a9a29:2
0x5f9a9a2a:1
0x5f9a9a2b:8
Victory

httpd.exe:
proc name :httpd.exe   offset :8   tainted bytes :7
paddr: 0x3e91d921
READ Match of str hust218
addr:0x5f9a9a27
match string len is 7.
0x5f9a9a27:h
0x5f9a9a28:u
0x5f9a9a29:s
0x5f9a9a2a:t
0x5f9a9a2b:2
0x5f9a9a2c:1
0x5f9a9a2d:8
Victory

httpd.exe:
proc name :httpd.exe   offset :10   tainted bytes :7
paddr: 0x3e91d9d9
READ Match of str hust218
addr:0x5f9a9a27
match string len is 7.
0x5f9a9a27:h
0x5f9a9a28:u
0x5f9a9a29:s
0x5f9a9a2a:t
0x5f9a9a2b:2
0x5f9a9a2c:1
0x5f9a9a2d:8
Victory

httpd.exe:
proc name :httpd.exe   offset :10   tainted bytes :7
paddr: 0x3e91d9d9
WRITE Match of str hust218
addr:0x5f9a9a27
match string len is 7.
0x5f9a9a27:h
0x5f9a9a28:u
0x5f9a9a29:s
0x5f9a9a2a:t
0x5f9a9a2b:2
0x5f9a9a2c:1
0x5f9a9a2d:8
Victory

httpd.exe:
proc name :httpd.exe   offset :10   tainted bytes :7
paddr: 0x3e91d9d9
READ Match of str hust218
addr:0x5f9a9a26
match string len is 7.
0x5f9a9a26:h
0x5f9a9a27:u
0x5f9a9a28:s
0x5f9a9a29:t
0x5f9a9a2a:2
0x5f9a9a2b:1
0x5f9a9a2c:8
Victory

httpd.exe:
proc name :httpd.exe   offset :9   tainted bytes :7
paddr: 0x3e91d9d9
READ Match of str hust218
addr:0x5f9a9a26
match string len is 7.
0x5f9a9a26:h
0x5f9a9a27:u
0x5f9a9a28:s
0x5f9a9a29:t
0x5f9a9a2a:2
0x5f9a9a2b:1
0x5f9a9a2c:8
Victory

httpd.exe:
proc name :httpd.exe   offset :9   tainted bytes :7
paddr: 0x3e91d9d9
WRITE Match of str hust218
addr:0x5f9a9a26
match string len is 7.
0x5f9a9a26:h
0x5f9a9a27:u
0x5f9a9a28:s
0x5f9a9a29:t
0x5f9a9a2a:2
0x5f9a9a2b:1
0x5f9a9a2c:8
Victory

httpd.exe:
proc name :httpd.exe   offset :9   tainted bytes :7
paddr: 0x3e91d9d9
READ Match of str hust218
addr:0x5f9a9a25
match string len is 7.
0x5f9a9a25:h
0x5f9a9a26:u
0x5f9a9a27:s
0x5f9a9a28:t
0x5f9a9a29:2
0x5f9a9a2a:1
0x5f9a9a2b:8
Victory

httpd.exe:
proc name :httpd.exe   offset :8   tainted bytes :7
paddr: 0x3e91d9d9
READ Match of str hust218
addr:0x5f9a9a25
match string len is 7.
0x5f9a9a25:h
0x5f9a9a26:u
0x5f9a9a27:s
0x5f9a9a28:t
0x5f9a9a29:2
0x5f9a9a2a:1
0x5f9a9a2b:8
Victory

httpd.exe:
proc name :httpd.exe   offset :8   tainted bytes :7
paddr: 0x3e91d9d9
WRITE Match of str hust218
addr:0x5f9a9a25
match string len is 7.
0x5f9a9a25:h
0x5f9a9a26:u
0x5f9a9a27:s
0x5f9a9a28:t
0x5f9a9a29:2
0x5f9a9a2a:1
0x5f9a9a2b:8
Victory

httpd.exe:
proc name :httpd.exe   offset :8   tainted bytes :7
paddr: 0x3e91d9d9
READ Match of str hust218
addr:0x5f9a9a24
match string len is 7.
0x5f9a9a24:h
0x5f9a9a25:u
0x5f9a9a26:s
0x5f9a9a27:t
0x5f9a9a28:2
0x5f9a9a29:1
0x5f9a9a2a:8
Victory

httpd.exe:
proc name :httpd.exe   offset :7   tainted bytes :7
paddr: 0x3e91d9d9
READ Match of str hust218
addr:0x5f9a9a24
match string len is 7.
0x5f9a9a24:h
0x5f9a9a25:u
0x5f9a9a26:s
0x5f9a9a27:t
0x5f9a9a28:2
0x5f9a9a29:1
0x5f9a9a2a:8
Victory

httpd.exe:
proc name :httpd.exe   offset :7   tainted bytes :7
paddr: 0x3e91d9d9
WRITE Match of str hust218
addr:0x5f9a9a24
match string len is 7.
0x5f9a9a24:h
0x5f9a9a25:u
0x5f9a9a26:s
0x5f9a9a27:t
0x5f9a9a28:2
0x5f9a9a29:1
0x5f9a9a2a:8
Victory

httpd.exe:
proc name :httpd.exe   offset :7   tainted bytes :7
paddr: 0x3e91d9d9
READ Match of str hust218
addr:0x5f9a9a25
match string len is 7.
0x5f9a9a25:h
0x5f9a9a26:u
0x5f9a9a27:s
0x5f9a9a28:t
0x5f9a9a29:2
0x5f9a9a2a:1
0x5f9a9a2b:8
Victory

httpd.exe:
proc name :httpd.exe   offset :8   tainted bytes :7
paddr: 0x3e91d9d9
WRITE Match of str hust218
addr:0x5f9a9a25
match string len is 7.
0x5f9a9a25:h
0x5f9a9a26:u
0x5f9a9a27:s
0x5f9a9a28:t
0x5f9a9a29:2
0x5f9a9a2a:1
0x5f9a9a2b:8
Victory

httpd.exe:
proc name :httpd.exe   offset :8   tainted bytes :7
paddr: 0x3e91d921
READ Match of str hust218
addr:0x5f9a9a27
match string len is 7.
0x5f9a9a27:h
0x5f9a9a28:u
0x5f9a9a29:s
0x5f9a9a2a:t
0x5f9a9a2b:2
0x5f9a9a2c:1
0x5f9a9a2d:8
Victory

httpd.exe:
proc name :httpd.exe   offset :10   tainted bytes :7
paddr: 0x3e91d921
WRITE Match of str hust218
addr:0x5f9a9a27
match string len is 7.
0x5f9a9a27:h
0x5f9a9a28:u
0x5f9a9a29:s
0x5f9a9a2a:t
0x5f9a9a2b:2
0x5f9a9a2c:1
0x5f9a9a2d:8
Victory

httpd.exe:
proc name :httpd.exe   offset :10   tainted bytes :7
paddr: 0x3e91d921
READ Match of str hust218
addr:0x5f9a9a26
match string len is 7.
0x5f9a9a26:h
0x5f9a9a27:u
0x5f9a9a28:s
0x5f9a9a29:t
0x5f9a9a2a:2
0x5f9a9a2b:1
0x5f9a9a2c:8
Victory

httpd.exe:
proc name :httpd.exe   offset :9   tainted bytes :7
paddr: 0x3e91d921
WRITE Match of str hust218
addr:0x5f9a9a26
match string len is 7.
0x5f9a9a26:h
0x5f9a9a27:u
0x5f9a9a28:s
0x5f9a9a29:t
0x5f9a9a2a:2
0x5f9a9a2b:1
0x5f9a9a2c:8
Victory

httpd.exe:
proc name :httpd.exe   offset :9   tainted bytes :7
paddr: 0x3e91d921
READ Match of str hust218
addr:0x5f9a9a25
match string len is 7.
0x5f9a9a25:h
0x5f9a9a26:u
0x5f9a9a27:s
0x5f9a9a28:t
0x5f9a9a29:2
0x5f9a9a2a:1
0x5f9a9a2b:8
Victory

httpd.exe:
proc name :httpd.exe   offset :8   tainted bytes :7
paddr: 0x3e91d921
WRITE Match of str hust218
addr:0x5f9a9a25
match string len is 7.
0x5f9a9a25:h
0x5f9a9a26:u
0x5f9a9a27:s
0x5f9a9a28:t
0x5f9a9a29:2
0x5f9a9a2a:1
0x5f9a9a2b:8
Victory

httpd.exe:
proc name :httpd.exe   offset :8   tainted bytes :7
paddr: 0x3e91d921
READ Match of str hust218
addr:0x5f9a9a24
match string len is 7.
0x5f9a9a24:h
0x5f9a9a25:u
0x5f9a9a26:s
0x5f9a9a27:t
0x5f9a9a28:2
0x5f9a9a29:1
0x5f9a9a2a:8
Victory

httpd.exe:
proc name :httpd.exe   offset :7   tainted bytes :7
paddr: 0x3e91d921
WRITE Match of str hust218
addr:0x5f9a9a24
match string len is 7.
0x5f9a9a24:h
0x5f9a9a25:u
0x5f9a9a26:s
0x5f9a9a27:t
0x5f9a9a28:2
0x5f9a9a29:1
0x5f9a9a2a:8
Victory

httpd.exe:
proc name :httpd.exe   offset :7   tainted bytes :7
paddr: 0x3e91d921
WRITE Match of str hust218
addr:0x5f9a9a27
match string len is 7.
0x5f9a9a27:h
0x5f9a9a28:u
0x5f9a9a29:s
0x5f9a9a2a:t
0x5f9a9a2b:2
0x5f9a9a2c:1
0x5f9a9a2d:8
Victory

httpd.exe:
proc name :httpd.exe   offset :10   tainted bytes :7
paddr: 0x3e91d867
WRITE Match of str hust218
addr:0x5f9a9a27
match string len is 7.
0x5f9a9a27:h
0x5f9a9a28:u
0x5f9a9a29:s
0x5f9a9a2a:t
0x5f9a9a2b:2
0x5f9a9a2c:1
0x5f9a9a2d:8
Victory

httpd.exe:
proc name :httpd.exe   offset :10   tainted bytes :7
paddr: 0x20dd056b
WRITE Match of str hust218
addr:0x5f9a9a24
match string len is 7.
0x5f9a9a24:h
0x5f9a9a25:u
0x5f9a9a26:s
0x5f9a9a27:t
0x5f9a9a28:2
0x5f9a9a29:1
0x5f9a9a2a:8
Victory

httpd.exe:
proc name :httpd.exe   offset :7   tainted bytes :7
paddr: 0x21ecdf88
READ Match of str hust218
addr:0x5f9a9a27
match string len is 7.
0x5f9a9a27:h
0x5f9a9a28:u
0x5f9a9a29:s
0x5f9a9a2a:t
0x5f9a9a2b:2
0x5f9a9a2c:1
0x5f9a9a2d:8
Victory

httpd.exe:
proc name :httpd.exe   offset :10   tainted bytes :7
paddr: 0x20dd056b
READ Match of str hust218
addr:0x5f9a9a27
match string len is 7.
0x5f9a9a27:h
0x5f9a9a28:u
0x5f9a9a29:s
0x5f9a9a2a:t
0x5f9a9a2b:2
0x5f9a9a2c:1
0x5f9a9a2d:8
Victory

httpd.exe:
proc name :httpd.exe   offset :10   tainted bytes :7
paddr: 0x21ecdfb3
READ Match of str hust218
addr:0x5f9a9a27
match string len is 7.
0x5f9a9a27:h
0x5f9a9a28:u
0x5f9a9a29:s
0x5f9a9a2a:t
0x5f9a9a2b:2
0x5f9a9a2c:1
0x5f9a9a2d:8
Victory

httpd.exe:
proc name :httpd.exe   offset :10   tainted bytes :7
paddr: 0x21ecdc17
READ Match of str hust218
addr:0x5f9a9a27
match string len is 7.
0x5f9a9a27:h
0x5f9a9a28:u
0x5f9a9a29:s
0x5f9a9a2a:t
0x5f9a9a2b:2
0x5f9a9a2c:1
0x5f9a9a2d:8
Victory

httpd.exe:
proc name :httpd.exe   offset :10   tainted bytes :7
paddr: 0x3f1f609f
READ Match of str hust218
addr:0x5f9a9a27
match string len is 7.
0x5f9a9a27:h
0x5f9a9a28:u
0x5f9a9a29:s
0x5f9a9a2a:t
0x5f9a9a2b:2
0x5f9a9a2c:1
0x5f9a9a2d:8
Victory

httpd.exe:
proc name :httpd.exe   offset :10   tainted bytes :7
paddr: 0x3f1f609f
READ Match of str hust218
addr:0x5f9a9a27
match string len is 7.
0x5f9a9a27:h
0x5f9a9a28:u
0x5f9a9a29:s
0x5f9a9a2a:t
0x5f9a9a2b:2
0x5f9a9a2c:1
0x5f9a9a2d:8
Victory

httpd.exe:
proc name :httpd.exe   offset :10   tainted bytes :7
paddr: 0x3f1f609f
READ Match of str hust218
addr:0x5f9a9a27
match string len is 7.
0x5f9a9a27:h
0x5f9a9a28:u
0x5f9a9a29:s
0x5f9a9a2a:t
0x5f9a9a2b:2
0x5f9a9a2c:1
0x5f9a9a2d:8
Victory

httpd.exe:
proc name :httpd.exe   offset :10   tainted bytes :7
paddr: 0x3f1f609f
READ Match of str hust218
addr:0x5f9a9a27
match string len is 7.
0x5f9a9a27:h
0x5f9a9a28:u
0x5f9a9a29:s
0x5f9a9a2a:t
0x5f9a9a2b:2
0x5f9a9a2c:1
0x5f9a9a2d:8
Victory

httpd.exe:
proc name :httpd.exe   offset :10   tainted bytes :7
paddr: 0x3f1f609f
READ Match of str hust218
addr:0x5f9a9a27
match string len is 7.
0x5f9a9a27:h
0x5f9a9a28:u
0x5f9a9a29:s
0x5f9a9a2a:t
0x5f9a9a2b:2
0x5f9a9a2c:1
0x5f9a9a2d:8
Victory

httpd.exe:
proc name :httpd.exe   offset :10   tainted bytes :7
paddr: 0x3f1f609f
WRITE Match of str hust218
addr:0x5f9a9a27
match string len is 7.
0x5f9a9a27:h
0x5f9a9a28:u
0x5f9a9a29:s
0x5f9a9a2a:t
0x5f9a9a2b:2
0x5f9a9a2c:1
0x5f9a9a2d:8
Victory

httpd.exe:
proc name :httpd.exe   offset :10   tainted bytes :7
paddr: 0x3f1f609f
READ Match of str hust218
addr:0x5f9a9a26
match string len is 7.
0x5f9a9a26:h
0x5f9a9a27:u
0x5f9a9a28:s
0x5f9a9a29:t
0x5f9a9a2a:2
0x5f9a9a2b:1
0x5f9a9a2c:8
Victory

httpd.exe:
proc name :httpd.exe   offset :9   tainted bytes :7
paddr: 0x3f1f609f
READ Match of str hust218
addr:0x5f9a9a26
match string len is 7.
0x5f9a9a26:h
0x5f9a9a27:u
0x5f9a9a28:s
0x5f9a9a29:t
0x5f9a9a2a:2
0x5f9a9a2b:1
0x5f9a9a2c:8
Victory

httpd.exe:
proc name :httpd.exe   offset :9   tainted bytes :7
paddr: 0x3f1f609f
WRITE Match of str hust218
addr:0x5f9a9a26
match string len is 7.
0x5f9a9a26:h
0x5f9a9a27:u
0x5f9a9a28:s
0x5f9a9a29:t
0x5f9a9a2a:2
0x5f9a9a2b:1
0x5f9a9a2c:8
Victory

httpd.exe:
proc name :httpd.exe   offset :9   tainted bytes :7
paddr: 0x3f1f609f
WRITE Match of str hust218
addr:0x5f9a9a25
match string len is 7.
0x5f9a9a25:h
0x5f9a9a26:u
0x5f9a9a27:s
0x5f9a9a28:t
0x5f9a9a29:2
0x5f9a9a2a:1
0x5f9a9a2b:8
Victory

httpd.exe:
proc name :httpd.exe   offset :8   tainted bytes :7
paddr: 0x3f1f609f
READ Match of str hust218
addr:0x5f9a9a24
match string len is 7.
0x5f9a9a24:h
0x5f9a9a25:u
0x5f9a9a26:s
0x5f9a9a27:t
0x5f9a9a28:2
0x5f9a9a29:1
0x5f9a9a2a:8
Victory

httpd.exe:
proc name :httpd.exe   offset :7   tainted bytes :7
paddr: 0x3f1f609f
READ Match of str hust218
addr:0x5f9a9a24
match string len is 7.
0x5f9a9a24:h
0x5f9a9a25:u
0x5f9a9a26:s
0x5f9a9a27:t
0x5f9a9a28:2
0x5f9a9a29:1
0x5f9a9a2a:8
Victory

httpd.exe:
proc name :httpd.exe   offset :7   tainted bytes :7
paddr: 0x3f1f609f
WRITE Match of str hust218
addr:0x5f9a9a24
match string len is 7.
0x5f9a9a24:h
0x5f9a9a25:u
0x5f9a9a26:s
0x5f9a9a27:t
0x5f9a9a28:2
0x5f9a9a29:1
0x5f9a9a2a:8
Victory

httpd.exe:
proc name :httpd.exe   offset :7   tainted bytes :7
paddr: 0x3f1f609f
READ Match of str hust218
addr:0x5f9a9a24
match string len is 7.
0x5f9a9a24:h
0x5f9a9a25:u
0x5f9a9a26:s
0x5f9a9a27:t
0x5f9a9a28:2
0x5f9a9a29:1
0x5f9a9a2a:8
Victory

httpd.exe:
proc name :httpd.exe   offset :7   tainted bytes :7
paddr: 0x3f1f609f
READ Match of str hust218
addr:0x5f9a9a24
match string len is 7.
0x5f9a9a24:h
0x5f9a9a25:u
0x5f9a9a26:s
0x5f9a9a27:t
0x5f9a9a28:2
0x5f9a9a29:1
0x5f9a9a2a:8
Victory

httpd.exe:
proc name :httpd.exe   offset :7   tainted bytes :7
paddr: 0x3efb8540
READ Match of str hust218
addr:0x5f9a9a27
match string len is 7.
0x5f9a9a27:h
0x5f9a9a28:u
0x5f9a9a29:s
0x5f9a9a2a:t
0x5f9a9a2b:2
0x5f9a9a2c:1
0x5f9a9a2d:8
Victory

httpd.exe:
proc name :httpd.exe   offset :10   tainted bytes :7
paddr: 0x3f1f609f
READ Match of str hust218
addr:0x5f9a9a26
match string len is 7.
0x5f9a9a26:h
0x5f9a9a27:u
0x5f9a9a28:s
0x5f9a9a29:t
0x5f9a9a2a:2
0x5f9a9a2b:1
0x5f9a9a2c:8
Victory

httpd.exe:
proc name :httpd.exe   offset :9   tainted bytes :7
paddr: 0x3f1f609f
READ Match of str hust218
addr:0x5f9a9a25
match string len is 7.
0x5f9a9a25:h
0x5f9a9a26:u
0x5f9a9a27:s
0x5f9a9a28:t
0x5f9a9a29:2
0x5f9a9a2a:1
0x5f9a9a2b:8
Victory

httpd.exe:
proc name :httpd.exe   offset :8   tainted bytes :7
paddr: 0x3f1f609f
READ Match of str hust218
addr:0x5f9a9a25
match string len is 7.
0x5f9a9a25:h
0x5f9a9a26:u
0x5f9a9a27:s
0x5f9a9a28:t
0x5f9a9a29:2
0x5f9a9a2a:1
0x5f9a9a2b:8
Victory

httpd.exe:
proc name :httpd.exe   offset :8   tainted bytes :7
paddr: 0x3f1f609f
READ Match of str hust218
addr:0x5f9a9a24
match string len is 7.
0x5f9a9a24:h
0x5f9a9a25:u
0x5f9a9a26:s
0x5f9a9a27:t
0x5f9a9a28:2
0x5f9a9a29:1
0x5f9a9a2a:8
Victory

httpd.exe:
proc name :httpd.exe   offset :7   tainted bytes :7
paddr: 0x3efb8540
READ Match of str hust218
addr:0x5f9a9a27
match string len is 7.
0x5f9a9a27:h
0x5f9a9a28:u
0x5f9a9a29:s
0x5f9a9a2a:t
0x5f9a9a2b:2
0x5f9a9a2c:1
0x5f9a9a2d:8
Victory

httpd.exe:
proc name :httpd.exe   offset :10   tainted bytes :7
paddr: 0x3f1f609f
READ Match of str hust218
addr:0x5f9a9a26
match string len is 7.
0x5f9a9a26:h
0x5f9a9a27:u
0x5f9a9a28:s
0x5f9a9a29:t
0x5f9a9a2a:2
0x5f9a9a2b:1
0x5f9a9a2c:8
Victory

httpd.exe:
proc name :httpd.exe   offset :9   tainted bytes :7
paddr: 0x3f1f609f
READ Match of str hust218
addr:0x5f9a9a25
match string len is 7.
0x5f9a9a25:h
0x5f9a9a26:u
0x5f9a9a27:s
0x5f9a9a28:t
0x5f9a9a29:2
0x5f9a9a2a:1
0x5f9a9a2b:8
Victory

httpd.exe:
proc name :httpd.exe   offset :8   tainted bytes :7
paddr: 0x3f1f609f
READ Match of str hust218
addr:0x5f9a9a25
match string len is 7.
0x5f9a9a25:h
0x5f9a9a26:u
0x5f9a9a27:s
0x5f9a9a28:t
0x5f9a9a29:2
0x5f9a9a2a:1
0x5f9a9a2b:8
Victory

httpd.exe:
proc name :httpd.exe   offset :8   tainted bytes :7
paddr: 0x3f1f609f
WRITE Match of str hust218
addr:0x5f9a9a24
match string len is 7.
0x5f9a9a24:h
0x5f9a9a25:u
0x5f9a9a26:s
0x5f9a9a27:t
0x5f9a9a28:2
0x5f9a9a29:1
0x5f9a9a2a:8
Victory

httpd.exe:
proc name :httpd.exe   offset :7   tainted bytes :7
paddr: 0x3efb8540
READ Match of str hust218
addr:0x5f9a9a24
match string len is 7.
0x5f9a9a24:h
0x5f9a9a25:u
0x5f9a9a26:s
0x5f9a9a27:t
0x5f9a9a28:2
0x5f9a9a29:1
0x5f9a9a2a:8
Victory

httpd.exe:
proc name :httpd.exe   offset :7   tainted bytes :7
paddr: 0x3e526c80
READ Match of str hust218
addr:0x5f9a9a24
match string len is 7.
0x5f9a9a24:h
0x5f9a9a25:u
0x5f9a9a26:s
0x5f9a9a27:t
0x5f9a9a28:2
0x5f9a9a29:1
0x5f9a9a2a:8
Victory

httpd.exe:
proc name :httpd.exe   offset :7   tainted bytes :7
paddr: 0x3e526c80
READ Match of str hust218
addr:0x5f9a9a24
match string len is 7.
0x5f9a9a24:h
0x5f9a9a25:u
0x5f9a9a26:s
0x5f9a9a27:t
0x5f9a9a28:2
0x5f9a9a29:1
0x5f9a9a2a:8
Victory

httpd.exe:
proc name :httpd.exe   offset :7   tainted bytes :7
paddr: 0x3e5a85c8
READ Match of str hust218
addr:0x5f9a9a24
match string len is 7.
0x5f9a9a24:h
0x5f9a9a25:u
0x5f9a9a26:s
0x5f9a9a27:t
0x5f9a9a28:2
0x5f9a9a29:1
0x5f9a9a2a:8
Victory

httpd.exe:
proc name :httpd.exe   offset :7   tainted bytes :7
paddr: 0x3e526c80
READ Match of str hust218
addr:0x5f9a9a24
match string len is 7.
0x5f9a9a24:h
0x5f9a9a25:u
0x5f9a9a26:s
0x5f9a9a27:t
0x5f9a9a28:2
0x5f9a9a29:1
0x5f9a9a2a:8
Victory

httpd.exe:
proc name :httpd.exe   offset :7   tainted bytes :7
paddr: 0x3e526c80
READ Match of str hust218
addr:0x5f9a9a24
match string len is 7.
0x5f9a9a24:h
0x5f9a9a25:u
0x5f9a9a26:s
0x5f9a9a27:t
0x5f9a9a28:2
0x5f9a9a29:1
0x5f9a9a2a:8
Victory

httpd.exe:
proc name :httpd.exe   offset :7   tainted bytes :7
paddr: 0x3e526c80
READ Match of str hust218
addr:0x5f9a9a24
match string len is 7.
0x5f9a9a24:h
0x5f9a9a25:u
0x5f9a9a26:s
0x5f9a9a27:t
0x5f9a9a28:2
0x5f9a9a29:1
0x5f9a9a2a:8
Victory

httpd.exe:
proc name :httpd.exe   offset :7   tainted bytes :7
paddr: 0x3e5a85c8
WRITE Match of str hust218
addr:0x5f9a9a24
match string len is 7.
0x5f9a9a24:h
0x5f9a9a25:u
0x5f9a9a26:s
0x5f9a9a27:t
0x5f9a9a28:2
0x5f9a9a29:1
0x5f9a9a2a:8
Victory

httpd.exe:
proc name :httpd.exe   offset :7   tainted bytes :7
paddr: 0x3e5a85c8
READ Match of str hust218
addr:0x5f9a9a24
match string len is 7.
0x5f9a9a24:h
0x5f9a9a25:u
0x5f9a9a26:s
0x5f9a9a27:t
0x5f9a9a28:2
0x5f9a9a29:1
0x5f9a9a2a:8
Victory

httpd.exe:
proc name :httpd.exe   offset :7   tainted bytes :7
paddr: 0x3e526c80
READ Match of str hust218
addr:0x5f9a9a24
match string len is 7.
0x5f9a9a24:h
0x5f9a9a25:u
0x5f9a9a26:s
0x5f9a9a27:t
0x5f9a9a28:2
0x5f9a9a29:1
0x5f9a9a2a:8
Victory

httpd.exe:
proc name :httpd.exe   offset :7   tainted bytes :7
paddr: 0x3ef8ee78
WRITE Match of str hust218
addr:0x5f9a9a24
match string len is 7.
0x5f9a9a24:h
0x5f9a9a25:u
0x5f9a9a26:s
0x5f9a9a27:t
0x5f9a9a28:2
0x5f9a9a29:1
0x5f9a9a2a:8
Victory

httpd.exe:
proc name :httpd.exe   offset :7   tainted bytes :7
paddr: 0x3ef8ee78
READ Match of str hust218
addr:0x5f9a9a24
match string len is 7.
0x5f9a9a24:h
0x5f9a9a25:u
0x5f9a9a26:s
0x5f9a9a27:t
0x5f9a9a28:2
0x5f9a9a29:1
0x5f9a9a2a:8
Victory

httpd.exe:
proc name :httpd.exe   offset :7   tainted bytes :7
paddr: 0x3ef8ee78
READ Match of str hust218
addr:0x5f9a9a24
match string len is 7.
0x5f9a9a24:h
0x5f9a9a25:u
0x5f9a9a26:s
0x5f9a9a27:t
0x5f9a9a28:2
0x5f9a9a29:1
0x5f9a9a2a:8
Victory

httpd.exe:
proc name :httpd.exe   offset :7   tainted bytes :7
paddr: 0x3ef8ee78
READ Match of str hust218
addr:0x5f9a9a24
match string len is 7.
0x5f9a9a24:h
0x5f9a9a25:u
0x5f9a9a26:s
0x5f9a9a27:t
0x5f9a9a28:2
0x5f9a9a29:1
0x5f9a9a2a:8
Victory

httpd.exe:
proc name :httpd.exe   offset :7   tainted bytes :7
paddr: 0x3f14da88
WRITE Match of str hust218
addr:0x5f9a9a24
match string len is 7.
0x5f9a9a24:h
0x5f9a9a25:u
0x5f9a9a26:s
0x5f9a9a27:t
0x5f9a9a28:2
0x5f9a9a29:1
0x5f9a9a2a:8
Victory

httpd.exe:
proc name :httpd.exe   offset :7   tainted bytes :7
paddr: 0x3ef8ee78
READ Match of str hust218
addr:0x5f9a9a24
match string len is 7.
0x5f9a9a24:h
0x5f9a9a25:u
0x5f9a9a26:s
0x5f9a9a27:t
0x5f9a9a28:2
0x5f9a9a29:1
0x5f9a9a2a:8
Victory

httpd.exe:
proc name :httpd.exe   offset :7   tainted bytes :7
paddr: 0x3f14da88
READ Match of str hust218
addr:0x5f9a9a24
match string len is 7.
0x5f9a9a24:h
0x5f9a9a25:u
0x5f9a9a26:s
0x5f9a9a27:t
0x5f9a9a28:2
0x5f9a9a29:1
0x5f9a9a2a:8
Victory

httpd.exe:
proc name :httpd.exe   offset :7   tainted bytes :7
paddr: 0x3f14da88
READ Match of str hust218
addr:0x5f9a9a24
match string len is 7.
0x5f9a9a24:h
0x5f9a9a25:u
0x5f9a9a26:s
0x5f9a9a27:t
0x5f9a9a28:2
0x5f9a9a29:1
0x5f9a9a2a:8
Victory

httpd.exe:
proc name :httpd.exe   offset :7   tainted bytes :7
paddr: 0x3f03a260
READ Match of str hust218
addr:0x5f9a9a24
match string len is 7.
0x5f9a9a24:h
0x5f9a9a25:u
0x5f9a9a26:s
0x5f9a9a27:t
0x5f9a9a28:2
0x5f9a9a29:1
0x5f9a9a2a:8
Victory

httpd.exe:
proc name :httpd.exe   offset :7   tainted bytes :7
paddr: 0x3f03a260
READ Match of str hust218
addr:0x5f9a9a24
match string len is 7.
0x5f9a9a24:h
0x5f9a9a25:u
0x5f9a9a26:s
0x5f9a9a27:t
0x5f9a9a28:2
0x5f9a9a29:1
0x5f9a9a2a:8
Victory

httpd.exe:
proc name :httpd.exe   offset :7   tainted bytes :7
paddr: 0x20e19890
READ Match of str hust218
addr:0x5f9a9a25
match string len is 7.
0x5f9a9a25:h
0x5f9a9a26:u
0x5f9a9a27:s
0x5f9a9a28:t
0x5f9a9a29:2
0x5f9a9a2a:1
0x5f9a9a2b:8
Victory

httpd.exe:
proc name :httpd.exe   offset :8   tainted bytes :7
paddr: 0x20e198d0
READ Match of str hust218
addr:0x5f9a9a26
match string len is 7.
0x5f9a9a26:h
0x5f9a9a27:u
0x5f9a9a28:s
0x5f9a9a29:t
0x5f9a9a2a:2
0x5f9a9a2b:1
0x5f9a9a2c:8
Victory

httpd.exe:
proc name :httpd.exe   offset :9   tainted bytes :7
paddr: 0x20e198d0
READ Match of str hust218
addr:0x5f9a9a27
match string len is 7.
0x5f9a9a27:h
0x5f9a9a28:u
0x5f9a9a29:s
0x5f9a9a2a:t
0x5f9a9a2b:2
0x5f9a9a2c:1
0x5f9a9a2d:8
Victory

httpd.exe:
proc name :httpd.exe   offset :10   tainted bytes :7
paddr: 0x20e198d0
READ Match of str hust218
addr:0x5f9a9a24
match string len is 7.
0x5f9a9a24:h
0x5f9a9a25:u
0x5f9a9a26:s
0x5f9a9a27:t
0x5f9a9a28:2
0x5f9a9a29:1
0x5f9a9a2a:8
Victory

httpd.exe:
proc name :httpd.exe   offset :7   tainted bytes :7
paddr: 0x20e198d0
READ Match of str hust218
addr:0x5f9a9a24
match string len is 7.
0x5f9a9a24:h
0x5f9a9a25:u
0x5f9a9a26:s
0x5f9a9a27:t
0x5f9a9a28:2
0x5f9a9a29:1
0x5f9a9a2a:8
Victory

httpd.exe:
proc name :httpd.exe   offset :7   tainted bytes :7
paddr: 0x20e198d0
READ Match of str hust218
addr:0x5f9a9a24
match string len is 7.
0x5f9a9a24:h
0x5f9a9a25:u
0x5f9a9a26:s
0x5f9a9a27:t
0x5f9a9a28:2
0x5f9a9a29:1
0x5f9a9a2a:8
Victory

httpd.exe:
proc name :httpd.exe   offset :7   tainted bytes :7
paddr: 0x20e198d0
READ Match of str hust218
addr:0x5f9a9a26
match string len is 7.
0x5f9a9a26:h
0x5f9a9a27:u
0x5f9a9a28:s
0x5f9a9a29:t
0x5f9a9a2a:2
0x5f9a9a2b:1
0x5f9a9a2c:8
Victory

httpd.exe:
proc name :httpd.exe   offset :9   tainted bytes :7
paddr: 0x20e19890
READ Match of str hust218
addr:0x5f9a9a25
match string len is 7.
0x5f9a9a25:h
0x5f9a9a26:u
0x5f9a9a27:s
0x5f9a9a28:t
0x5f9a9a29:2
0x5f9a9a2a:1
0x5f9a9a2b:8
Victory

httpd.exe:
proc name :httpd.exe   offset :8   tainted bytes :7
paddr: 0x20e19890
WRITE Match of str hust218
addr:0x5f9a9a24
match string len is 7.
0x5f9a9a24:h
0x5f9a9a25:u
0x5f9a9a26:s
0x5f9a9a27:t
0x5f9a9a28:2
0x5f9a9a29:1
0x5f9a9a2a:8
Victory

httpd.exe:
proc name :httpd.exe   offset :7   tainted bytes :7
paddr: 0x20e19890
WRITE Match of str hust218
addr:0x5f9a9a24
match string len is 7.
0x5f9a9a24:h
0x5f9a9a25:u
0x5f9a9a26:s
0x5f9a9a27:t
0x5f9a9a28:2
0x5f9a9a29:1
0x5f9a9a2a:8
Victory

httpd.exe:
proc name :httpd.exe   offset :7   tainted bytes :7
paddr: 0x20e198d0
WRITE Match of str hust218
addr:0x5f9a9a25
match string len is 7.
0x5f9a9a25:h
0x5f9a9a26:u
0x5f9a9a27:s
0x5f9a9a28:t
0x5f9a9a29:2
0x5f9a9a2a:1
0x5f9a9a2b:8
Victory

httpd.exe:
proc name :httpd.exe   offset :8   tainted bytes :7
paddr: 0x3ec4d051
READ Match of str hust218
addr:0x5f9a9a24
match string len is 7.
0x5f9a9a24:h
0x5f9a9a25:u
0x5f9a9a26:s
0x5f9a9a27:t
0x5f9a9a28:2
0x5f9a9a29:1
0x5f9a9a2a:8
Victory

httpd.exe:
proc name :httpd.exe   offset :7   tainted bytes :7
paddr: 0x3e526c80
READ Match of str hust218
addr:0x5f9a9a25
match string len is 7.
0x5f9a9a25:h
0x5f9a9a26:u
0x5f9a9a27:s
0x5f9a9a28:t
0x5f9a9a29:2
0x5f9a9a2a:1
0x5f9a9a2b:8
Victory

httpd.exe:
proc name :httpd.exe   offset :8   tainted bytes :7
paddr: 0x3f04a985
READ Match of str hust218
addr:0x5f9a9a25
match string len is 7.
0x5f9a9a25:h
0x5f9a9a26:u
0x5f9a9a27:s
0x5f9a9a28:t
0x5f9a9a29:2
0x5f9a9a2a:1
0x5f9a9a2b:8
Victory

httpd.exe:
proc name :httpd.exe   offset :8   tainted bytes :7
paddr: 0x3ee392a5
WRITE Match of str hust218
addr:0x5f9a9a25
match string len is 7.
0x5f9a9a25:h
0x5f9a9a26:u
0x5f9a9a27:s
0x5f9a9a28:t
0x5f9a9a29:2
0x5f9a9a2a:1
0x5f9a9a2b:8
Victory

httpd.exe:
proc name :httpd.exe   offset :8   tainted bytes :7
paddr: 0x3f04a985
READ Match of str hust218
addr:0x5f9a9a25
match string len is 7.
0x5f9a9a25:h
0x5f9a9a26:u
0x5f9a9a27:s
0x5f9a9a28:t
0x5f9a9a29:2
0x5f9a9a2a:1
0x5f9a9a2b:8
Victory

httpd.exe:
proc name :httpd.exe   offset :8   tainted bytes :7
paddr: 0x3f04a985
READ Match of str hust218
addr:0x5f9a9a25
match string len is 7.
0x5f9a9a25:h
0x5f9a9a26:u
0x5f9a9a27:s
0x5f9a9a28:t
0x5f9a9a29:2
0x5f9a9a2a:1
0x5f9a9a2b:8
Victory

httpd.exe:
proc name :httpd.exe   offset :8   tainted bytes :7
paddr: 0x3f1d338d
READ Match of str hust218
addr:0x5f9a9a26
match string len is 7.
0x5f9a9a26:h
0x5f9a9a27:u
0x5f9a9a28:s
0x5f9a9a29:t
0x5f9a9a2a:2
0x5f9a9a2b:1
0x5f9a9a2c:8
Victory

httpd.exe:
proc name :httpd.exe   offset :9   tainted bytes :7
paddr: 0x20e19a2d
READ Match of str hust218
addr:0x5f9a9a27
match string len is 7.
0x5f9a9a27:h
0x5f9a9a28:u
0x5f9a9a29:s
0x5f9a9a2a:t
0x5f9a9a2b:2
0x5f9a9a2c:1
0x5f9a9a2d:8
Victory

httpd.exe:
proc name :httpd.exe   offset :10   tainted bytes :7
paddr: 0x20e19a2d
READ Match of str hust218
addr:0x5f9a9a24
match string len is 7.
0x5f9a9a24:h
0x5f9a9a25:u
0x5f9a9a26:s
0x5f9a9a27:t
0x5f9a9a28:2
0x5f9a9a29:1
0x5f9a9a2a:8
Victory

httpd.exe:
proc name :httpd.exe   offset :7   tainted bytes :7
paddr: 0x20e19a2d
READ Match of str hust218
addr:0x5f9a9a25
match string len is 7.
0x5f9a9a25:h
0x5f9a9a26:u
0x5f9a9a27:s
0x5f9a9a28:t
0x5f9a9a29:2
0x5f9a9a2a:1
0x5f9a9a2b:8
Victory

httpd.exe:
proc name :httpd.exe   offset :8   tainted bytes :7
paddr: 0x20e19a2d
READ Match of str hust218
addr:0x5f9a9a25
match string len is 7.
0x5f9a9a25:h
0x5f9a9a26:u
0x5f9a9a27:s
0x5f9a9a28:t
0x5f9a9a29:2
0x5f9a9a2a:1
0x5f9a9a2b:8
Victory

httpd.exe:
proc name :httpd.exe   offset :8   tainted bytes :7
paddr: 0x20e19a6d
READ Match of str hust218
addr:0x5f9a9a25
match string len is 7.
0x5f9a9a25:h
0x5f9a9a26:u
0x5f9a9a27:s
0x5f9a9a28:t
0x5f9a9a29:2
0x5f9a9a2a:1
0x5f9a9a2b:8
Victory

httpd.exe:
proc name :httpd.exe   offset :8   tainted bytes :7
paddr: 0x20e19a6d
READ Match of str hust218
addr:0x5f9a9a25
match string len is 7.
0x5f9a9a25:h
0x5f9a9a26:u
0x5f9a9a27:s
0x5f9a9a28:t
0x5f9a9a29:2
0x5f9a9a2a:1
0x5f9a9a2b:8
Victory

httpd.exe:
proc name :httpd.exe   offset :8   tainted bytes :7
paddr: 0x20e19a6d
WRITE Match of str hust218
addr:0x5f9a9a25
match string len is 7.
0x5f9a9a25:h
0x5f9a9a26:u
0x5f9a9a27:s
0x5f9a9a28:t
0x5f9a9a29:2
0x5f9a9a2a:1
0x5f9a9a2b:8
Victory

httpd.exe:
proc name :httpd.exe   offset :8   tainted bytes :7
paddr: 0x20e19a2d
WRITE Match of str hust218
addr:0x5f9a9a25
match string len is 7.
0x5f9a9a25:h
0x5f9a9a26:u
0x5f9a9a27:s
0x5f9a9a28:t
0x5f9a9a29:2
0x5f9a9a2a:1
0x5f9a9a2b:8
Victory

httpd.exe:
proc name :httpd.exe   offset :8   tainted bytes :7
paddr: 0x20e19a6d
WRITE Match of str hust218
addr:0x5f9a9a25
match string len is 7.
0x5f9a9a25:h
0x5f9a9a26:u
0x5f9a9a27:s
0x5f9a9a28:t
0x5f9a9a29:2
0x5f9a9a2a:1
0x5f9a9a2b:8
Victory

httpd.exe:
proc name :httpd.exe   offset :8   tainted bytes :7
paddr: 0x3f1d338d
READ Match of str hust218
addr:0x5f9a9a27
match string len is 7.
0x5f9a9a27:h
0x5f9a9a28:u
0x5f9a9a29:s
0x5f9a9a2a:t
0x5f9a9a2b:2
0x5f9a9a2c:1
0x5f9a9a2d:8
Victory

httpd.exe:
proc name :httpd.exe   offset :10   tainted bytes :7
paddr: 0x3f04a985
WRITE Match of str hust218
addr:0x5f9a9a25
match string len is 7.
0x5f9a9a25:h
0x5f9a9a26:u
0x5f9a9a27:s
0x5f9a9a28:t
0x5f9a9a29:2
0x5f9a9a2a:1
0x5f9a9a2b:8
Victory

httpd.exe:
proc name :httpd.exe   offset :8   tainted bytes :7
paddr: 0x3ee392a5
READ Match of str hust218
addr:0x5f9a9a27
match string len is 7.
0x5f9a9a27:h
0x5f9a9a28:u
0x5f9a9a29:s
0x5f9a9a2a:t
0x5f9a9a2b:2
0x5f9a9a2c:1
0x5f9a9a2d:8
Victory

httpd.exe:
proc name :httpd.exe   offset :10   tainted bytes :7
paddr: 0x3f1d33a7
READ Match of str hust218
addr:0x5f9a9a26
match string len is 7.
0x5f9a9a26:h
0x5f9a9a27:u
0x5f9a9a28:s
0x5f9a9a29:t
0x5f9a9a2a:2
0x5f9a9a2b:1
0x5f9a9a2c:8
Victory

httpd.exe:
proc name :httpd.exe   offset :9   tainted bytes :7
paddr: 0x3f1d33a7
READ Match of str hust218
addr:0x5f9a9a25
match string len is 7.
0x5f9a9a25:h
0x5f9a9a26:u
0x5f9a9a27:s
0x5f9a9a28:t
0x5f9a9a29:2
0x5f9a9a2a:1
0x5f9a9a2b:8
Victory

httpd.exe:
proc name :httpd.exe   offset :8   tainted bytes :7
paddr: 0x3f1d33a7
READ Match of str hust218
addr:0x5f9a9a24
match string len is 7.
0x5f9a9a24:h
0x5f9a9a25:u
0x5f9a9a26:s
0x5f9a9a27:t
0x5f9a9a28:2
0x5f9a9a29:1
0x5f9a9a2a:8
Victory

httpd.exe:
proc name :httpd.exe   offset :7   tainted bytes :7
paddr: 0x3f1d33a7
WRITE Match of str hust218
addr:0x5f9a9a25
match string len is 7.
0x5f9a9a25:h
0x5f9a9a26:u
0x5f9a9a27:s
0x5f9a9a28:t
0x5f9a9a29:2
0x5f9a9a2a:1
0x5f9a9a2b:8
Victory

httpd.exe:
proc name :httpd.exe   offset :8   tainted bytes :7
paddr: 0x3f04a985
WRITE Match of str hust218
addr:0x5f9a9a25
match string len is 7.
0x5f9a9a25:h
0x5f9a9a26:u
0x5f9a9a27:s
0x5f9a9a28:t
0x5f9a9a29:2
0x5f9a9a2a:1
0x5f9a9a2b:8
Victory

httpd.exe:
proc name :httpd.exe   offset :8   tainted bytes :7
paddr: 0x3e91d9d9
WRITE Match of str hust218
addr:0x5f9a9a24
match string len is 7.
0x5f9a9a24:h
0x5f9a9a25:u
0x5f9a9a26:s
0x5f9a9a27:t
0x5f9a9a28:2
0x5f9a9a29:1
0x5f9a9a2a:8
Victory

httpd.exe:
proc name :httpd.exe   offset :7   tainted bytes :7
paddr: 0x3e526b30
WRITE Match of str hust218
addr:0x5f9a9a24
match string len is 7.
0x5f9a9a24:h
0x5f9a9a25:u
0x5f9a9a26:s
0x5f9a9a27:t
0x5f9a9a28:2
0x5f9a9a29:1
0x5f9a9a2a:8
Victory

httpd.exe:
proc name :httpd.exe   offset :7   tainted bytes :7
paddr: 0x3f14da88
WRITE Match of str hust218
addr:0x5f9a9a24
match string len is 7.
0x5f9a9a24:h
0x5f9a9a25:u
0x5f9a9a26:s
0x5f9a9a27:t
0x5f9a9a28:2
0x5f9a9a29:1
0x5f9a9a2a:8
Victory

httpd.exe:
proc name :httpd.exe   offset :7   tainted bytes :7
paddr: 0x3e526c80
READ Match of str hust218
addr:0x5f9a9a24
match string len is 7.
0x5f9a9a24:h
0x5f9a9a25:u
0x5f9a9a26:s
0x5f9a9a27:t
0x5f9a9a28:2
0x5f9a9a29:1
0x5f9a9a2a:8
Victory

httpd.exe:
proc name :httpd.exe   offset :7   tainted bytes :7
paddr: 0x3efb8c80
READ Match of str hust218
addr:0x5f9a9a24
match string len is 7.
0x5f9a9a24:h
0x5f9a9a25:u
0x5f9a9a26:s
0x5f9a9a27:t
0x5f9a9a28:2
0x5f9a9a29:1
0x5f9a9a2a:8
Victory

httpd.exe:
proc name :httpd.exe   offset :7   tainted bytes :7
paddr: 0x3efb8c80
READ Match of str hust218
addr:0x5f9a9a24
match string len is 7.
0x5f9a9a24:h
0x5f9a9a25:u
0x5f9a9a26:s
0x5f9a9a27:t
0x5f9a9a28:2
0x5f9a9a29:1
0x5f9a9a2a:8
Victory

httpd.exe:
proc name :httpd.exe   offset :7   tainted bytes :7
paddr: 0x3f231470
WRITE Match of str hust218
addr:0x5f9a9a24
match string len is 7.
0x5f9a9a24:h
0x5f9a9a25:u
0x5f9a9a26:s
0x5f9a9a27:t
0x5f9a9a28:2
0x5f9a9a29:1
0x5f9a9a2a:8
Victory

httpd.exe:
proc name :httpd.exe   offset :7   tainted bytes :7
paddr: 0x3efb8b30
WRITE Match of str hust218
addr:0x5f9a9a24
match string len is 7.
0x5f9a9a24:h
0x5f9a9a25:u
0x5f9a9a26:s
0x5f9a9a27:t
0x5f9a9a28:2
0x5f9a9a29:1
0x5f9a9a2a:8
Victory

httpd.exe:
proc name :httpd.exe   offset :7   tainted bytes :7
paddr: 0x3efb8c80
READ Match of str hust218
addr:0x5f9a9a27
match string len is 7.
0x5f9a9a27:h
0x5f9a9a28:u
0x5f9a9a29:s
0x5f9a9a2a:t
0x5f9a9a2b:2
0x5f9a9a2c:1
0x5f9a9a2d:8
Victory

httpd.exe:
proc name :httpd.exe   offset :10   tainted bytes :7
paddr: 0x20dd056b
READ Match of str hust218
addr:0x5f9a9a27
match string len is 7.
0x5f9a9a27:h
0x5f9a9a28:u
0x5f9a9a29:s
0x5f9a9a2a:t
0x5f9a9a2b:2
0x5f9a9a2c:1
0x5f9a9a2d:8
Victory

httpd.exe:
proc name :httpd.exe   offset :10   tainted bytes :7
paddr: 0x3faf1223
READ Match of str hust218
addr:0x5f9a9a27
match string len is 7.
0x5f9a9a27:h
0x5f9a9a28:u
0x5f9a9a29:s
0x5f9a9a2a:t
0x5f9a9a2b:2
0x5f9a9a2c:1
0x5f9a9a2d:8
Victory

httpd.exe:
proc name :httpd.exe   offset :10   tainted bytes :7
paddr: 0x2231bcb3
WRITE Match of str hust218
addr:0x5f9a9a27
match string len is 7.
0x5f9a9a27:h
0x5f9a9a28:u
0x5f9a9a29:s
0x5f9a9a2a:t
0x5f9a9a2b:2
0x5f9a9a2c:1
0x5f9a9a2d:8
Victory

httpd.exe:
proc name :httpd.exe   offset :10   tainted bytes :7
paddr: 0x2231bcb3
READ Match of str hust218
addr:0x5f9a9a24
match string len is 7.
0x5f9a9a24:h
0x5f9a9a25:u
0x5f9a9a26:s
0x5f9a9a27:t
0x5f9a9a28:2
0x5f9a9a29:1
0x5f9a9a2a:8
Victory

httpd.exe:
proc name :httpd.exe   offset :7   tainted bytes :7
paddr: 0x2231bcb3
WRITE Match of str hust218
addr:0x5f9a9a24
match string len is 7.
0x5f9a9a24:h
0x5f9a9a25:u
0x5f9a9a26:s
0x5f9a9a27:t
0x5f9a9a28:2
0x5f9a9a29:1
0x5f9a9a2a:8
Victory

httpd.exe:
proc name :httpd.exe   offset :7   tainted bytes :7
paddr: 0x9fe43d8
READ Match of str hust218
addr:0x5f9a9a24
match string len is 7.
0x5f9a9a24:h
0x5f9a9a25:u
0x5f9a9a26:s
0x5f9a9a27:t
0x5f9a9a28:2
0x5f9a9a29:1
0x5f9a9a2a:8
Victory

httpd.exe:
proc name :httpd.exe   offset :7   tainted bytes :7
paddr: 0x9fe43d8
READ Match of str hust218
addr:0x5f9a9a26
match string len is 7.
0x5f9a9a26:h
0x5f9a9a27:u
0x5f9a9a28:s
0x5f9a9a29:t
0x5f9a9a2a:2
0x5f9a9a2b:1
0x5f9a9a2c:8
Victory

httpd.exe:
proc name :httpd.exe   offset :9   tainted bytes :7
paddr: 0x9fe43d8
READ Match of str hust218
addr:0x5f9a9a24
match string len is 7.
0x5f9a9a24:h
0x5f9a9a25:u
0x5f9a9a26:s
0x5f9a9a27:t
0x5f9a9a28:2
0x5f9a9a29:1
0x5f9a9a2a:8
Victory

httpd.exe:
proc name :httpd.exe   offset :7   tainted bytes :7
paddr: 0x9fe43d8
READ Match of str hust218
addr:0x5f9a9a27
match string len is 7.
0x5f9a9a27:h
0x5f9a9a28:u
0x5f9a9a29:s
0x5f9a9a2a:t
0x5f9a9a2b:2
0x5f9a9a2c:1
0x5f9a9a2d:8
Victory

httpd.exe:
proc name :httpd.exe   offset :10   tainted bytes :7
paddr: 0x20dd056b
READ Match of str hust218
addr:0x5f9a9a27
match string len is 7.
0x5f9a9a27:h
0x5f9a9a28:u
0x5f9a9a29:s
0x5f9a9a2a:t
0x5f9a9a2b:2
0x5f9a9a2c:1
0x5f9a9a2d:8
Victory

httpd.exe:
proc name :httpd.exe   offset :10   tainted bytes :7
paddr: 0x3fc75223
WRITE Match of str hust218
addr:0x5f9a9a27
match string len is 7.
0x5f9a9a27:h
0x5f9a9a28:u
0x5f9a9a29:s
0x5f9a9a2a:t
0x5f9a9a2b:2
0x5f9a9a2c:1
0x5f9a9a2d:8
Victory

httpd.exe:
proc name :httpd.exe   offset :10   tainted bytes :7
paddr: 0x2231bcb3
READ Match of str hust218
addr:0x5f9a9a27
match string len is 7.
0x5f9a9a27:h
0x5f9a9a28:u
0x5f9a9a29:s
0x5f9a9a2a:t
0x5f9a9a2b:2
0x5f9a9a2c:1
0x5f9a9a2d:8
Victory

httpd.exe:
proc name :httpd.exe   offset :10   tainted bytes :7
paddr: 0x2231bcb3
WRITE Match of str hust218
addr:0x5f9a9a27
match string len is 7.
0x5f9a9a27:h
0x5f9a9a28:u
0x5f9a9a29:s
0x5f9a9a2a:t
0x5f9a9a2b:2
0x5f9a9a2c:1
0x5f9a9a2d:8
Victory

httpd.exe:
proc name :httpd.exe   offset :10   tainted bytes :7
paddr: 0x2231bcb3
READ Match of str hust218
addr:0x5f9a9a24
match string len is 7.
0x5f9a9a24:h
0x5f9a9a25:u
0x5f9a9a26:s
0x5f9a9a27:t
0x5f9a9a28:2
0x5f9a9a29:1
0x5f9a9a2a:8
Victory

httpd.exe:
proc name :httpd.exe   offset :7   tainted bytes :7
paddr: 0x2231bcb3
READ Match of str hust218
addr:0x5f9a9a24
match string len is 7.
0x5f9a9a24:h
0x5f9a9a25:u
0x5f9a9a26:s
0x5f9a9a27:t
0x5f9a9a28:2
0x5f9a9a29:1
0x5f9a9a2a:8
Victory

httpd.exe:
proc name :httpd.exe   offset :7   tainted bytes :7
paddr: 0x3f68e5e0
READ Match of str hust218
addr:0x5f9a9a24
match string len is 7.
0x5f9a9a24:h
0x5f9a9a25:u
0x5f9a9a26:s
0x5f9a9a27:t
0x5f9a9a28:2
0x5f9a9a29:1
0x5f9a9a2a:8
Victory

httpd.exe:
proc name :httpd.exe   offset :7   tainted bytes :7
paddr: 0x9fe73f0
READ Match of str hust218
addr:0x5f9a9a26
match string len is 7.
0x5f9a9a26:h
0x5f9a9a27:u
0x5f9a9a28:s
0x5f9a9a29:t
0x5f9a9a2a:2
0x5f9a9a2b:1
0x5f9a9a2c:8
Victory

httpd.exe:
proc name :httpd.exe   offset :9   tainted bytes :7
paddr: 0x9fe73f0
READ Match of str hust218
addr:0x5f9a9a24
match string len is 7.
0x5f9a9a24:h
0x5f9a9a25:u
0x5f9a9a26:s
0x5f9a9a27:t
0x5f9a9a28:2
0x5f9a9a29:1
0x5f9a9a2a:8
Victory

httpd.exe:
proc name :httpd.exe   offset :7   tainted bytes :7
paddr: 0x9fe73f0
WRITE Match of str hust218
addr:0x5f9a9a24
match string len is 7.
0x5f9a9a24:h
0x5f9a9a25:u
0x5f9a9a26:s
0x5f9a9a27:t
0x5f9a9a28:2
0x5f9a9a29:1
0x5f9a9a2a:8
Victory

httpd.exe:
proc name :httpd.exe   offset :7   tainted bytes :7
paddr: 0x9fe73f0
READ Match of str hust218
addr:0x5f9a9a27
match string len is 7.
0x5f9a9a27:h
0x5f9a9a28:u
0x5f9a9a29:s
0x5f9a9a2a:t
0x5f9a9a2b:2
0x5f9a9a2c:1
0x5f9a9a2d:8
Victory

httpd.exe:
proc name :httpd.exe   offset :10   tainted bytes :7
paddr: 0x20dd056b
READ Match of str hust218
addr:0x5f9a9a27
match string len is 7.
0x5f9a9a27:h
0x5f9a9a28:u
0x5f9a9a29:s
0x5f9a9a2a:t
0x5f9a9a2b:2
0x5f9a9a2c:1
0x5f9a9a2d:8
Victory

httpd.exe:
proc name :httpd.exe   offset :10   tainted bytes :7
paddr: 0x3fd7e223
WRITE Match of str hust218
addr:0x5f9a9a27
match string len is 7.
0x5f9a9a27:h
0x5f9a9a28:u
0x5f9a9a29:s
0x5f9a9a2a:t
0x5f9a9a2b:2
0x5f9a9a2c:1
0x5f9a9a2d:8
Victory

httpd.exe:
proc name :httpd.exe   offset :10   tainted bytes :7
paddr: 0x2231bcb3
READ Match of str hust218
addr:0x5f9a9a27
match string len is 7.
0x5f9a9a27:h
0x5f9a9a28:u
0x5f9a9a29:s
0x5f9a9a2a:t
0x5f9a9a2b:2
0x5f9a9a2c:1
0x5f9a9a2d:8
Victory

httpd.exe:
proc name :httpd.exe   offset :10   tainted bytes :7
paddr: 0x2231bcb3
WRITE Match of str hust218
addr:0x5f9a9a27
match string len is 7.
0x5f9a9a27:h
0x5f9a9a28:u
0x5f9a9a29:s
0x5f9a9a2a:t
0x5f9a9a2b:2
0x5f9a9a2c:1
0x5f9a9a2d:8
Victory

httpd.exe:
proc name :httpd.exe   offset :10   tainted bytes :7
paddr: 0x2231bcb3
READ Match of str hust218
addr:0x5f9a9a24
match string len is 7.
0x5f9a9a24:h
0x5f9a9a25:u
0x5f9a9a26:s
0x5f9a9a27:t
0x5f9a9a28:2
0x5f9a9a29:1
0x5f9a9a2a:8
Victory

httpd.exe:
proc name :httpd.exe   offset :7   tainted bytes :7
paddr: 0x2231bcb3
WRITE Match of str hust218
addr:0x5f9a9a24
match string len is 7.
0x5f9a9a24:h
0x5f9a9a25:u
0x5f9a9a26:s
0x5f9a9a27:t
0x5f9a9a28:2
0x5f9a9a29:1
0x5f9a9a2a:8
Victory

httpd.exe:
proc name :httpd.exe   offset :7   tainted bytes :7
paddr: 0x9fe43d8
READ Match of str hust218
addr:0x5f9a9a24
match string len is 7.
0x5f9a9a24:h
0x5f9a9a25:u
0x5f9a9a26:s
0x5f9a9a27:t
0x5f9a9a28:2
0x5f9a9a29:1
0x5f9a9a2a:8
Victory

httpd.exe:
proc name :httpd.exe   offset :7   tainted bytes :7
paddr: 0x9fe43d8
READ Match of str hust218
addr:0x5f9a9a26
match string len is 7.
0x5f9a9a26:h
0x5f9a9a27:u
0x5f9a9a28:s
0x5f9a9a29:t
0x5f9a9a2a:2
0x5f9a9a2b:1
0x5f9a9a2c:8
Victory

httpd.exe:
proc name :httpd.exe   offset :9   tainted bytes :7
paddr: 0x9fe43d8
READ Match of str hust218
addr:0x5f9a9a24
match string len is 7.
0x5f9a9a24:h
0x5f9a9a25:u
0x5f9a9a26:s
0x5f9a9a27:t
0x5f9a9a28:2
0x5f9a9a29:1
0x5f9a9a2a:8
Victory

httpd.exe:
proc name :httpd.exe   offset :7   tainted bytes :7
paddr: 0x9fe43d8
READ Match of str hust218
addr:0x5f9a9a27
match string len is 7.
0x5f9a9a27:h
0x5f9a9a28:u
0x5f9a9a29:s
0x5f9a9a2a:t
0x5f9a9a2b:2
0x5f9a9a2c:1
0x5f9a9a2d:8
Victory

httpd.exe:
proc name :httpd.exe   offset :10   tainted bytes :7
paddr: 0x20dd056b
READ Match of str hust218
addr:0x5f9a9a27
match string len is 7.
0x5f9a9a27:h
0x5f9a9a28:u
0x5f9a9a29:s
0x5f9a9a2a:t
0x5f9a9a2b:2
0x5f9a9a2c:1
0x5f9a9a2d:8
Victory

httpd.exe:
proc name :httpd.exe   offset :10   tainted bytes :7
paddr: 0x3fd42223
WRITE Match of str hust218
addr:0x5f9a9a27
match string len is 7.
0x5f9a9a27:h
0x5f9a9a28:u
0x5f9a9a29:s
0x5f9a9a2a:t
0x5f9a9a2b:2
0x5f9a9a2c:1
0x5f9a9a2d:8
Victory

httpd.exe:
proc name :httpd.exe   offset :10   tainted bytes :7
paddr: 0x2231bcb3
READ Match of str hust218
addr:0x5f9a9a27
match string len is 7.
0x5f9a9a27:h
0x5f9a9a28:u
0x5f9a9a29:s
0x5f9a9a2a:t
0x5f9a9a2b:2
0x5f9a9a2c:1
0x5f9a9a2d:8
Victory

httpd.exe:
proc name :httpd.exe   offset :10   tainted bytes :7
paddr: 0x2231bcb3
WRITE Match of str hust218
addr:0x5f9a9a27
match string len is 7.
0x5f9a9a27:h
0x5f9a9a28:u
0x5f9a9a29:s
0x5f9a9a2a:t
0x5f9a9a2b:2
0x5f9a9a2c:1
0x5f9a9a2d:8
Victory

httpd.exe:
proc name :httpd.exe   offset :10   tainted bytes :7
paddr: 0x2231bcb3
READ Match of str hust218
addr:0x5f9a9a24
match string len is 7.
0x5f9a9a24:h
0x5f9a9a25:u
0x5f9a9a26:s
0x5f9a9a27:t
0x5f9a9a28:2
0x5f9a9a29:1
0x5f9a9a2a:8
Victory

httpd.exe:
proc name :httpd.exe   offset :7   tainted bytes :7
paddr: 0x2231bcb3
WRITE Match of str hust218
addr:0x5f9a9a24
match string len is 7.
0x5f9a9a24:h
0x5f9a9a25:u
0x5f9a9a26:s
0x5f9a9a27:t
0x5f9a9a28:2
0x5f9a9a29:1
0x5f9a9a2a:8
Victory

httpd.exe:
proc name :httpd.exe   offset :7   tainted bytes :7
paddr: 0x3f68e5e0
READ Match of str hust218
addr:0x5f9a9a24
match string len is 7.
0x5f9a9a24:h
0x5f9a9a25:u
0x5f9a9a26:s
0x5f9a9a27:t
0x5f9a9a28:2
0x5f9a9a29:1
0x5f9a9a2a:8
Victory

httpd.exe:
proc name :httpd.exe   offset :7   tainted bytes :7
paddr: 0x3f68e5e0
READ Match of str hust218
addr:0x5f9a9a24
match string len is 7.
0x5f9a9a24:h
0x5f9a9a25:u
0x5f9a9a26:s
0x5f9a9a27:t
0x5f9a9a28:2
0x5f9a9a29:1
0x5f9a9a2a:8
Victory

httpd.exe:
proc name :httpd.exe   offset :7   tainted bytes :7
paddr: 0x9fe73f0
READ Match of str hust218
addr:0x5f9a9a26
match string len is 7.
0x5f9a9a26:h
0x5f9a9a27:u
0x5f9a9a28:s
0x5f9a9a29:t
0x5f9a9a2a:2
0x5f9a9a2b:1
0x5f9a9a2c:8
Victory

httpd.exe:
proc name :httpd.exe   offset :9   tainted bytes :7
paddr: 0x9fe73f0
READ Match of str hust218
addr:0x5f9a9a24
match string len is 7.
0x5f9a9a24:h
0x5f9a9a25:u
0x5f9a9a26:s
0x5f9a9a27:t
0x5f9a9a28:2
0x5f9a9a29:1
0x5f9a9a2a:8
Victory

httpd.exe:
proc name :httpd.exe   offset :7   tainted bytes :7
paddr: 0x9fe73f0
WRITE Match of str hust218
addr:0x5f9a9a24
match string len is 7.
0x5f9a9a24:h
0x5f9a9a25:u
0x5f9a9a26:s
0x5f9a9a27:t
0x5f9a9a28:2
0x5f9a9a29:1
0x5f9a9a2a:8
Victory

httpd.exe:
proc name :httpd.exe   offset :7   tainted bytes :7
paddr: 0x9fe73f0
